# JRE version: OpenJDK Runtime Environment Temurin-21.0.6+7 (21.0.6+7) (build 21.0.6+7-LTS)
# Java VM: OpenJDK 64-Bit Server VM Temurin-21.0.6+7 (21.0.6+7-LTS, mixed mode, sharing, tiered, compressed oops, compressed class ptrs, parallel gc, windows-amd64)
GC Precious Log:
 CardTable entry size: 512
 CPUs: 8 total, 8 available
 Memory: 3797M
 Large Page Support: Disabled
 NUMA Support: Disabled
 Compressed Oops: Enabled (32-bit)
 Alignments: Space 512K, Generation 512K, Heap 2M
 Heap Min Capacity: 100M
 Heap Initial Capacity: 100M
 Heap Max Capacity: 1G
 Pre-touch: Disabled
 Parallel Workers: 8
Heap:
 PSYoungGen      total 29184K, used 27237K [0x00000000eab00000, 0x00000000eea80000, 0x0000000100000000)
  eden space 7680K, 74% used [0x00000000eab00000,0x00000000eb09ac98,0x00000000eb280000)
  from space 21504K, 99% used [0x00000000eb280000,0x00000000ec77e968,0x00000000ec780000)
  to   space 28160K, 0% used [0x00000000ecf00000,0x00000000ecf00000,0x00000000eea80000)
 ParOldGen       total 294400K, used 294182K [0x00000000c0000000, 0x00000000d1f80000, 0x00000000eab00000)
  object space 294400K, 99% used [0x00000000c0000000,0x00000000d1f49800,0x00000000d1f80000)
 Metaspace       used 64589K, committed 65984K, reserved 1114112K
  class space    used 6777K, committed 7360K, reserved 1048576K
GC Heap History (20 events):
Event: 89.382 GC heap before
{Heap before GC invocations=221 (full 4):
 PSYoungGen      total 13824K, used 13810K [0x00000000eab00000, 0x00000000ec780000, 0x0000000100000000)
  eden space 3072K, 100% used [0x00000000eab00000,0x00000000eae00000,0x00000000eae00000)
  from space 10752K, 99% used [0x00000000eae00000,0x00000000eb87c9a8,0x00000000eb880000)
  to   space 12800K, 0% used [0x00000000ebb00000,0x00000000ebb00000,0x00000000ec780000)
 ParOldGen       total 268800K, used 268629K [0x00000000c0000000, 0x00000000d0680000, 0x00000000eab00000)
  object space 268800K, 99% used [0x00000000c0000000,0x00000000d06557e8,0x00000000d0680000)
 Metaspace       used 64221K, committed 65536K, reserved 1114112K
  class space    used 6737K, committed 7296K, reserved 1048576K
}
Event: 89.389 GC heap after
{Heap after GC invocations=221 (full 4):
 PSYoungGen      total 14848K, used 10957K [0x00000000eab00000, 0x00000000ec600000, 0x0000000100000000)
  eden space 3584K, 0% used [0x00000000eab00000,0x00000000eab00000,0x00000000eae80000)
  from space 11264K, 97% used [0x00000000ebb00000,0x00000000ec5b3598,0x00000000ec600000)
  to   space 11776K, 0% used [0x00000000eaf00000,0x00000000eaf00000,0x00000000eba80000)
 ParOldGen       total 271360K, used 271002K [0x00000000c0000000, 0x00000000d0900000, 0x00000000eab00000)
  object space 271360K, 99% used [0x00000000c0000000,0x00000000d08a6a70,0x00000000d0900000)
 Metaspace       used 64221K, committed 65536K, reserved 1114112K
  class space    used 6737K, committed 7296K, reserved 1048576K
}
Event: 89.399 GC heap before
{Heap before GC invocations=222 (full 4):
 PSYoungGen      total 14848K, used 14541K [0x00000000eab00000, 0x00000000ec600000, 0x0000000100000000)
  eden space 3584K, 99% used [0x00000000eab00000,0x00000000eae7ffe8,0x00000000eae80000)
  from space 11264K, 97% used [0x00000000ebb00000,0x00000000ec5b3598,0x00000000ec600000)
  to   space 11776K, 0% used [0x00000000eaf00000,0x00000000eaf00000,0x00000000eba80000)
 ParOldGen       total 271360K, used 271002K [0x00000000c0000000, 0x00000000d0900000, 0x00000000eab00000)
  object space 271360K, 99% used [0x00000000c0000000,0x00000000d08a6a70,0x00000000d0900000)
 Metaspace       used 64228K, committed 65536K, reserved 1114112K
  class space    used 6739K, committed 7296K, reserved 1048576K
}
Event: 89.405 GC heap after
{Heap after GC invocations=222 (full 4):
 PSYoungGen      total 15872K, used 11745K [0x00000000eab00000, 0x00000000ecb00000, 0x0000000100000000)
  eden space 4096K, 0% used [0x00000000eab00000,0x00000000eab00000,0x00000000eaf00000)
  from space 11776K, 99% used [0x00000000eaf00000,0x00000000eba78528,0x00000000eba80000)
  to   space 14336K, 0% used [0x00000000ebd00000,0x00000000ebd00000,0x00000000ecb00000)
 ParOldGen       total 272896K, used 272786K [0x00000000c0000000, 0x00000000d0a80000, 0x00000000eab00000)
  object space 272896K, 99% used [0x00000000c0000000,0x00000000d0a64a70,0x00000000d0a80000)
 Metaspace       used 64228K, committed 65536K, reserved 1114112K
  class space    used 6739K, committed 7296K, reserved 1048576K
}
Event: 89.415 GC heap before
{Heap before GC invocations=223 (full 4):
 PSYoungGen      total 15872K, used 15841K [0x00000000eab00000, 0x00000000ecb00000, 0x0000000100000000)
  eden space 4096K, 100% used [0x00000000eab00000,0x00000000eaf00000,0x00000000eaf00000)
  from space 11776K, 99% used [0x00000000eaf00000,0x00000000eba78528,0x00000000eba80000)
  to   space 14336K, 0% used [0x00000000ebd00000,0x00000000ebd00000,0x00000000ecb00000)
 ParOldGen       total 272896K, used 272786K [0x00000000c0000000, 0x00000000d0a80000, 0x00000000eab00000)
  object space 272896K, 99% used [0x00000000c0000000,0x00000000d0a64a70,0x00000000d0a80000)
 Metaspace       used 64230K, committed 65536K, reserved 1114112K
  class space    used 6739K, committed 7296K, reserved 1048576K
}
Event: 89.446 GC heap after
{Heap after GC invocations=223 (full 4):
 PSYoungGen      total 18944K, used 13344K [0x00000000eab00000, 0x00000000ecb00000, 0x0000000100000000)
  eden space 4608K, 0% used [0x00000000eab00000,0x00000000eab00000,0x00000000eaf80000)
  from space 14336K, 93% used [0x00000000ebd00000,0x00000000eca08020,0x00000000ecb00000)
  to   space 13824K, 0% used [0x00000000eaf80000,0x00000000eaf80000,0x00000000ebd00000)
 ParOldGen       total 274944K, used 274443K [0x00000000c0000000, 0x00000000d0c80000, 0x00000000eab00000)
  object space 274944K, 99% used [0x00000000c0000000,0x00000000d0c02f78,0x00000000d0c80000)
 Metaspace       used 64230K, committed 65536K, reserved 1114112K
  class space    used 6739K, committed 7296K, reserved 1048576K
}
Event: 89.480 GC heap before
{Heap before GC invocations=224 (full 4):
 PSYoungGen      total 18944K, used 17952K [0x00000000eab00000, 0x00000000ecb00000, 0x0000000100000000)
  eden space 4608K, 100% used [0x00000000eab00000,0x00000000eaf80000,0x00000000eaf80000)
  from space 14336K, 93% used [0x00000000ebd00000,0x00000000eca08020,0x00000000ecb00000)
  to   space 13824K, 0% used [0x00000000eaf80000,0x00000000eaf80000,0x00000000ebd00000)
 ParOldGen       total 274944K, used 274443K [0x00000000c0000000, 0x00000000d0c80000, 0x00000000eab00000)
  object space 274944K, 99% used [0x00000000c0000000,0x00000000d0c02f78,0x00000000d0c80000)
 Metaspace       used 64242K, committed 65536K, reserved 1114112K
  class space    used 6740K, committed 7296K, reserved 1048576K
}
Event: 89.494 GC heap after
{Heap after GC invocations=224 (full 4):
 PSYoungGen      total 18432K, used 13792K [0x00000000eab00000, 0x00000000ed200000, 0x0000000100000000)
  eden space 4608K, 0% used [0x00000000eab00000,0x00000000eab00000,0x00000000eaf80000)
  from space 13824K, 99% used [0x00000000eaf80000,0x00000000ebcf8020,0x00000000ebd00000)
  to   space 17408K, 0% used [0x00000000ec100000,0x00000000ec100000,0x00000000ed200000)
 ParOldGen       total 277504K, used 277411K [0x00000000c0000000, 0x00000000d0f00000, 0x00000000eab00000)
  object space 277504K, 99% used [0x00000000c0000000,0x00000000d0ee8f78,0x00000000d0f00000)
 Metaspace       used 64242K, committed 65536K, reserved 1114112K
  class space    used 6740K, committed 7296K, reserved 1048576K
}
Event: 89.525 GC heap before
{Heap before GC invocations=225 (full 4):
 PSYoungGen      total 18432K, used 18400K [0x00000000eab00000, 0x00000000ed200000, 0x0000000100000000)
  eden space 4608K, 100% used [0x00000000eab00000,0x00000000eaf80000,0x00000000eaf80000)
  from space 13824K, 99% used [0x00000000eaf80000,0x00000000ebcf8020,0x00000000ebd00000)
  to   space 17408K, 0% used [0x00000000ec100000,0x00000000ec100000,0x00000000ed200000)
 ParOldGen       total 277504K, used 277411K [0x00000000c0000000, 0x00000000d0f00000, 0x00000000eab00000)
  object space 277504K, 99% used [0x00000000c0000000,0x00000000d0ee8f78,0x00000000d0f00000)
 Metaspace       used 64248K, committed 65536K, reserved 1114112K
  class space    used 6741K, committed 7296K, reserved 1048576K
}
Event: 89.577 GC heap after
{Heap after GC invocations=225 (full 4):
 PSYoungGen      total 22016K, used 17312K [0x00000000eab00000, 0x00000000ed380000, 0x0000000100000000)
  eden space 4608K, 0% used [0x00000000eab00000,0x00000000eab00000,0x00000000eaf80000)
  from space 17408K, 99% used [0x00000000ec100000,0x00000000ed1e8020,0x00000000ed200000)
  to   space 17920K, 0% used [0x00000000eaf80000,0x00000000eaf80000,0x00000000ec100000)
 ParOldGen       total 277504K, used 277451K [0x00000000c0000000, 0x00000000d0f00000, 0x00000000eab00000)
  object space 277504K, 99% used [0x00000000c0000000,0x00000000d0ef2f78,0x00000000d0f00000)
 Metaspace       used 64248K, committed 65536K, reserved 1114112K
  class space    used 6741K, committed 7296K, reserved 1048576K
}
Event: 89.589 GC heap before
{Heap before GC invocations=226 (full 4):
 PSYoungGen      total 22016K, used 21920K [0x00000000eab00000, 0x00000000ed380000, 0x0000000100000000)
  eden space 4608K, 100% used [0x00000000eab00000,0x00000000eaf80000,0x00000000eaf80000)
  from space 17408K, 99% used [0x00000000ec100000,0x00000000ed1e8020,0x00000000ed200000)
  to   space 17920K, 0% used [0x00000000eaf80000,0x00000000eaf80000,0x00000000ec100000)
 ParOldGen       total 277504K, used 277451K [0x00000000c0000000, 0x00000000d0f00000, 0x00000000eab00000)
  object space 277504K, 99% used [0x00000000c0000000,0x00000000d0ef2f78,0x00000000d0f00000)
 Metaspace       used 64261K, committed 65600K, reserved 1114112K
  class space    used 6744K, committed 7296K, reserved 1048576K
}
Event: 89.601 GC heap after
{Heap after GC invocations=226 (full 4):
 PSYoungGen      total 22528K, used 17920K [0x00000000eab00000, 0x00000000eda80000, 0x0000000100000000)
  eden space 4608K, 0% used [0x00000000eab00000,0x00000000eab00000,0x00000000eaf80000)
  from space 17920K, 100% used [0x00000000eaf80000,0x00000000ec100000,0x00000000ec100000)
  to   space 21504K, 0% used [0x00000000ec580000,0x00000000ec580000,0x00000000eda80000)
 ParOldGen       total 280576K, used 280139K [0x00000000c0000000, 0x00000000d1200000, 0x00000000eab00000)
  object space 280576K, 99% used [0x00000000c0000000,0x00000000d1192f98,0x00000000d1200000)
 Metaspace       used 64261K, committed 65600K, reserved 1114112K
  class space    used 6744K, committed 7296K, reserved 1048576K
}
Event: 89.614 GC heap before
{Heap before GC invocations=227 (full 4):
 PSYoungGen      total 22528K, used 22528K [0x00000000eab00000, 0x00000000eda80000, 0x0000000100000000)
  eden space 4608K, 100% used [0x00000000eab00000,0x00000000eaf80000,0x00000000eaf80000)
  from space 17920K, 100% used [0x00000000eaf80000,0x00000000ec100000,0x00000000ec100000)
  to   space 21504K, 0% used [0x00000000ec580000,0x00000000ec580000,0x00000000eda80000)
 ParOldGen       total 280576K, used 280139K [0x00000000c0000000, 0x00000000d1200000, 0x00000000eab00000)
  object space 280576K, 99% used [0x00000000c0000000,0x00000000d1192f98,0x00000000d1200000)
 Metaspace       used 64277K, committed 65600K, reserved 1114112K
  class space    used 6745K, committed 7296K, reserved 1048576K
}
Event: 89.749 GC heap after
{Heap after GC invocations=227 (full 4):
 PSYoungGen      total 24576K, used 18656K [0x00000000eab00000, 0x00000000ed800000, 0x0000000100000000)
  eden space 5632K, 0% used [0x00000000eab00000,0x00000000eab00000,0x00000000eb080000)
  from space 18944K, 98% used [0x00000000ec580000,0x00000000ed7b8000,0x00000000ed800000)
  to   space 19456K, 0% used [0x00000000eb200000,0x00000000eb200000,0x00000000ec500000)
 ParOldGen       total 283136K, used 283035K [0x00000000c0000000, 0x00000000d1480000, 0x00000000eab00000)
  object space 283136K, 99% used [0x00000000c0000000,0x00000000d1466f98,0x00000000d1480000)
 Metaspace       used 64277K, committed 65600K, reserved 1114112K
  class space    used 6745K, committed 7296K, reserved 1048576K
}
Event: 89.769 GC heap before
{Heap before GC invocations=228 (full 4):
 PSYoungGen      total 24576K, used 24288K [0x00000000eab00000, 0x00000000ed800000, 0x0000000100000000)
  eden space 5632K, 100% used [0x00000000eab00000,0x00000000eb080000,0x00000000eb080000)
  from space 18944K, 98% used [0x00000000ec580000,0x00000000ed7b8000,0x00000000ed800000)
  to   space 19456K, 0% used [0x00000000eb200000,0x00000000eb200000,0x00000000ec500000)
 ParOldGen       total 283136K, used 283035K [0x00000000c0000000, 0x00000000d1480000, 0x00000000eab00000)
  object space 283136K, 99% used [0x00000000c0000000,0x00000000d1466f98,0x00000000d1480000)
 Metaspace       used 64279K, committed 65600K, reserved 1114112K
  class space    used 6745K, committed 7296K, reserved 1048576K
}
Event: 89.780 GC heap after
{Heap after GC invocations=228 (full 4):
 PSYoungGen      total 26112K, used 19456K [0x00000000eab00000, 0x00000000edf80000, 0x0000000100000000)
  eden space 6656K, 0% used [0x00000000eab00000,0x00000000eab00000,0x00000000eb180000)
  from space 19456K, 100% used [0x00000000eb200000,0x00000000ec500000,0x00000000ec500000)
  to   space 23552K, 0% used [0x00000000ec880000,0x00000000ec880000,0x00000000edf80000)
 ParOldGen       total 286720K, used 286371K [0x00000000c0000000, 0x00000000d1800000, 0x00000000eab00000)
  object space 286720K, 99% used [0x00000000c0000000,0x00000000d17a8f98,0x00000000d1800000)
 Metaspace       used 64279K, committed 65600K, reserved 1114112K
  class space    used 6745K, committed 7296K, reserved 1048576K
}
Event: 126.640 GC heap before
{Heap before GC invocations=229 (full 4):
 PSYoungGen      total 26112K, used 26103K [0x00000000eab00000, 0x00000000edf80000, 0x0000000100000000)
  eden space 6656K, 99% used [0x00000000eab00000,0x00000000eb17dc88,0x00000000eb180000)
  from space 19456K, 100% used [0x00000000eb200000,0x00000000ec500000,0x00000000ec500000)
  to   space 23552K, 0% used [0x00000000ec880000,0x00000000ec880000,0x00000000edf80000)
 ParOldGen       total 286720K, used 286371K [0x00000000c0000000, 0x00000000d1800000, 0x00000000eab00000)
  object space 286720K, 99% used [0x00000000c0000000,0x00000000d17a8f98,0x00000000d1800000)
 Metaspace       used 64509K, committed 65856K, reserved 1114112K
  class space    used 6771K, committed 7296K, reserved 1048576K
}
Event: 126.786 GC heap after
{Heap after GC invocations=229 (full 4):
 PSYoungGen      total 28160K, used 20031K [0x00000000eab00000, 0x00000000edc80000, 0x0000000100000000)
  eden space 7680K, 0% used [0x00000000eab00000,0x00000000eab00000,0x00000000eb280000)
  from space 20480K, 97% used [0x00000000ec880000,0x00000000edc0ff00,0x00000000edc80000)
  to   space 21504K, 0% used [0x00000000eb280000,0x00000000eb280000,0x00000000ec780000)
 ParOldGen       total 289280K, used 289027K [0x00000000c0000000, 0x00000000d1a80000, 0x00000000eab00000)
  object space 289280K, 99% used [0x00000000c0000000,0x00000000d1a40f98,0x00000000d1a80000)
 Metaspace       used 64509K, committed 65856K, reserved 1114112K
  class space    used 6771K, committed 7296K, reserved 1048576K
}
Event: 126.867 GC heap before
{Heap before GC invocations=230 (full 4):
 PSYoungGen      total 28160K, used 27711K [0x00000000eab00000, 0x00000000edc80000, 0x0000000100000000)
  eden space 7680K, 100% used [0x00000000eab00000,0x00000000eb280000,0x00000000eb280000)
  from space 20480K, 97% used [0x00000000ec880000,0x00000000edc0ff00,0x00000000edc80000)
  to   space 21504K, 0% used [0x00000000eb280000,0x00000000eb280000,0x00000000ec780000)
 ParOldGen       total 289280K, used 289027K [0x00000000c0000000, 0x00000000d1a80000, 0x00000000eab00000)
  object space 289280K, 99% used [0x00000000c0000000,0x00000000d1a40f98,0x00000000d1a80000)
 Metaspace       used 64509K, committed 65856K, reserved 1114112K
  class space    used 6771K, committed 7296K, reserved 1048576K
}
Event: 127.886 GC heap after
{Heap after GC invocations=230 (full 4):
 PSYoungGen      total 29184K, used 21498K [0x00000000eab00000, 0x00000000eea80000, 0x0000000100000000)
  eden space 7680K, 0% used [0x00000000eab00000,0x00000000eab00000,0x00000000eb280000)
  from space 21504K, 99% used [0x00000000eb280000,0x00000000ec77e968,0x00000000ec780000)
  to   space 28160K, 0% used [0x00000000ecf00000,0x00000000ecf00000,0x00000000eea80000)
 ParOldGen       total 294400K, used 294182K [0x00000000c0000000, 0x00000000d1f80000, 0x00000000eab00000)
  object space 294400K, 99% used [0x00000000c0000000,0x00000000d1f49800,0x00000000d1f80000)
 Metaspace       used 64509K, committed 65856K, reserved 1114112K
  class space    used 6771K, committed 7296K, reserved 1048576K
}

